<?xml version="1.0" encoding="UTF-8"?>
<!-- Generated by org.testng.reporters.JUnitReportReporter -->
<testsuite hostname="Sakshi" failures="0" tests="1" name="testcases.CartTest" time="4.732" errors="0" timestamp="2025-09-10T01:01:54 IST" skipped="0">
  <testcase classname="testcases.CartTest" name="addProductToCart" time="4.732"/>
</testsuite> <!-- testcases.CartTest -->
