<?xml version="1.0" encoding="UTF-8"?>
<!-- Generated by org.testng.reporters.JUnitReportReporter -->
<testsuite hostname="Sakshi" failures="0" tests="1" name="testcases.RemoveFromCartTest" time="7.751" errors="0" timestamp="2025-09-10T02:55:07 IST" skipped="0">
  <testcase classname="testcases.RemoveFromCartTest" name="removeProductFromCart" time="7.751"/>
</testsuite> <!-- testcases.RemoveFromCartTest -->
