<?xml version="1.0" encoding="UTF-8"?>
<!-- Generated by org.testng.reporters.JUnitReportReporter -->
<testsuite hostname="Sakshi" failures="0" tests="2" name="testcases.SearchTest" time="9.362" errors="0" timestamp="2025-09-10T02:55:07 IST" skipped="0">
  <testcase classname="testcases.SearchTest" name="searchInvalidProduct" time="3.668"/>
  <testcase classname="testcases.SearchTest" name="searchValidProduct" time="5.694"/>
</testsuite> <!-- testcases.SearchTest -->
