<?xml version="1.0" encoding="UTF-8"?>
<!-- Generated by org.testng.reporters.JUnitReportReporter -->
<testsuite hostname="Sakshi" failures="0" tests="1" name="testcases.CartTest" time="5.611" errors="0" timestamp="2025-09-10T02:55:07 IST" skipped="0">
  <testcase classname="testcases.CartTest" name="addProductToCart" time="5.611"/>
</testsuite> <!-- testcases.CartTest -->
